  AmqpException.cpp
C:\Users\WPPC-0004\Documents\GitHub\NodeJs-CPP-RabbitMQ-working\RLogger\RLogger\AmqpException.cpp(31,10): fatal error C1083: Cannot open include file: 'amqp.h': No such file or directory
  AmqpLibraryException.cpp
C:\Users\WPPC-0004\Documents\GitHub\NodeJs-CPP-RabbitMQ-working\RLogger\RLogger\AmqpLibraryException.cpp(32,10): fatal error C1083: Cannot open include file: 'amqp.h': No such file or directory
  AmqpResponseLibraryException.cpp
C:\Users\WPPC-0004\Documents\GitHub\NodeJs-CPP-RabbitMQ-working\RLogger\RLogger\AmqpResponseLibraryException.cpp(32,10): fatal error C1083: Cannot open include file: 'amqp.h': No such file or directory
  BasicMessage.cpp
C:\Users\WPPC-0004\Documents\GitHub\NodeJs-CPP-RabbitMQ-working\RLogger\RLogger\BasicMessage.cpp(32,10): fatal error C1083: Cannot open include file: 'amqp.h': No such file or directory
  Channel.cpp
C:\Users\WPPC-0004\Documents\GitHub\NodeJs-CPP-RabbitMQ-working\RLogger\RLogger\amqp\amqp.h(7,1): fatal error C1021: invalid preprocessor command 'warning'
  ChannelImpl.cpp
C:\Users\WPPC-0004\Documents\GitHub\NodeJs-CPP-RabbitMQ-working\RLogger\RLogger\amqp\amqp.h(7,1): fatal error C1021: invalid preprocessor command 'warning'
  Envelope.cpp
  MessageReturnedException.cpp
  RLogger.cpp
C:\Users\WPPC-0004\Documents\GitHub\NodeJs-CPP-RabbitMQ-working\RLogger\RLogger\RLogger.cpp(12,19): error C4996: 'getenv': This function or variable may be unsafe. Consider using _dupenv_s instead. To disable deprecation, use _CRT_SECURE_NO_WARNINGS. See online help for details.
C:\Users\WPPC-0004\Documents\GitHub\NodeJs-CPP-RabbitMQ-working\RLogger\RLogger\RLogger.cpp(15,22): error C4996: 'AmqpClient::Channel::Create': Channel::Create is deprecated. Use Channel::Open.
C:\Users\WPPC-0004\Documents\GitHub\NodeJs-CPP-RabbitMQ-working\RLogger\RLogger\RLogger.cpp(17,22): error C4996: 'AmqpClient::Channel::Create': Channel::Create is deprecated. Use Channel::Open.
  SimpleSubscriber.cpp
C:\Users\WPPC-0004\Documents\GitHub\NodeJs-CPP-RabbitMQ-working\RLogger\RLogger\SimpleSubscriber.cpp(3,10): fatal error C1083: Cannot open include file: 'SimpleAmqpClient/SimpleAmqpClient.h': No such file or directory
  Table.cpp
C:\Users\WPPC-0004\Documents\GitHub\NodeJs-CPP-RabbitMQ-working\RLogger\RLogger\amqp\amqp.h(7,1): fatal error C1021: invalid preprocessor command 'warning'
  TableImpl.cpp
C:\Users\WPPC-0004\Documents\GitHub\NodeJs-CPP-RabbitMQ-working\RLogger\RLogger\amqp\amqp.h(7,1): fatal error C1021: invalid preprocessor command 'warning'
  Generating Code...
